<?xml version="1.0" encoding="UTF-8"?>
<coverage generated="1609398069272" clover="3.2.0">
  <project timestamp="1609398069272" name="All files">
    <metrics statements="27" coveredstatements="24" conditionals="7" coveredconditionals="2" methods="5" coveredmethods="3" elements="39" coveredelements="29" complexity="0" loc="27" ncloc="27" packages="2" files="2" classes="2"/>
    <package name="lib">
      <metrics statements="23" coveredstatements="20" conditionals="7" coveredconditionals="2" methods="4" coveredmethods="2"/>
      <file name="webpack.base.js" path="D:\webDemo\webpack\demo04\builder-webpack\lib\webpack.base.js">
        <metrics statements="23" coveredstatements="20" conditionals="7" coveredconditionals="2" methods="4" coveredmethods="2"/>
        <line num="1" count="1" type="stmt"/>
        <line num="2" count="1" type="stmt"/>
        <line num="3" count="1" type="stmt"/>
        <line num="4" count="1" type="stmt"/>
        <line num="5" count="1" type="stmt"/>
        <line num="6" count="1" type="stmt"/>
        <line num="7" count="1" type="stmt"/>
        <line num="9" count="1" type="stmt"/>
        <line num="11" count="1" type="stmt"/>
        <line num="12" count="1" type="stmt"/>
        <line num="13" count="1" type="stmt"/>
        <line num="16" count="1" type="stmt"/>
        <line num="18" count="1" type="stmt"/>
        <line num="19" count="2" type="stmt"/>
        <line num="20" count="2" type="cond" truecount="2" falsecount="0"/>
        <line num="22" count="2" type="stmt"/>
        <line num="24" count="2" type="stmt"/>
        <line num="42" count="1" type="stmt"/>
        <line num="48" count="1" type="stmt"/>
        <line num="50" count="1" type="stmt"/>
        <line num="117" count="0" type="stmt"/>
        <line num="118" count="0" type="cond" truecount="0" falsecount="2"/>
        <line num="128" count="0" type="stmt"/>
      </file>
    </package>
    <package name="test.unit">
      <metrics statements="4" coveredstatements="4" conditionals="0" coveredconditionals="0" methods="1" coveredmethods="1"/>
      <file name="webpack-base-test.js" path="D:\webDemo\webpack\demo04\builder-webpack\test\unit\webpack-base-test.js">
        <metrics statements="4" coveredstatements="4" conditionals="0" coveredconditionals="0" methods="1" coveredmethods="1"/>
        <line num="1" count="1" type="stmt"/>
        <line num="2" count="1" type="stmt"/>
        <line num="4" count="1" type="stmt"/>
        <line num="5" count="1" type="stmt"/>
      </file>
    </package>
  </project>
</coverage>
