{"D:\\webDemo\\webpack\\demo04\\builder-webpack\\lib\\webpack.base.js": {"path":"D:\\webDemo\\webpack\\demo04\\builder-webpack\\lib\\webpack.base.js","statementMap":{"0":{"start":{"line":1,"column":13},"end":{"line":1,"column":28}},"1":{"start":{"line":2,"column":13},"end":{"line":2,"column":28}},"2":{"start":{"line":3,"column":31},"end":{"line":3,"column":62}},"3":{"start":{"line":4,"column":26},"end":{"line":4,"column":56}},"4":{"start":{"line":5,"column":36},"end":{"line":5,"column":77}},"5":{"start":{"line":6,"column":29},"end":{"line":6,"column":63}},"6":{"start":{"line":7,"column":21},"end":{"line":7,"column":44}},"7":{"start":{"line":9,"column":20},"end":{"line":9,"column":33}},"8":{"start":{"line":11,"column":15},"end":{"line":46,"column":1}},"9":{"start":{"line":12,"column":16},"end":{"line":12,"column":18}},"10":{"start":{"line":13,"column":29},"end":{"line":13,"column":31}},"11":{"start":{"line":16,"column":21},"end":{"line":16,"column":74}},"12":{"start":{"line":18,"column":2},"end":{"line":40,"column":4}},"13":{"start":{"line":19,"column":18},"end":{"line":19,"column":51}},"14":{"start":{"line":20,"column":21},"end":{"line":20,"column":38}},"15":{"start":{"line":22,"column":4},"end":{"line":22,"column":25}},"16":{"start":{"line":24,"column":4},"end":{"line":39,"column":5}},"17":{"start":{"line":42,"column":2},"end":{"line":45,"column":3}},"18":{"start":{"line":48,"column":38},"end":{"line":48,"column":46}},"19":{"start":{"line":50,"column":0},"end":{"line":134,"column":1}},"20":{"start":{"line":117,"column":6},"end":{"line":130,"column":8}},"21":{"start":{"line":118,"column":8},"end":{"line":129,"column":9}},"22":{"start":{"line":128,"column":10},"end":{"line":128,"column":25}}},"fnMap":{"0":{"name":"(anonymous_0)","decl":{"start":{"line":11,"column":15},"end":{"line":11,"column":16}},"loc":{"start":{"line":11,"column":21},"end":{"line":46,"column":1}},"line":11},"1":{"name":"(anonymous_1)","decl":{"start":{"line":18,"column":21},"end":{"line":18,"column":22}},"loc":{"start":{"line":18,"column":30},"end":{"line":40,"column":3}},"line":18},"2":{"name":"(anonymous_2)","decl":{"start":{"line":115,"column":4},"end":{"line":115,"column":5}},"loc":{"start":{"line":115,"column":16},"end":{"line":131,"column":5}},"line":115},"3":{"name":"(anonymous_3)","decl":{"start":{"line":117,"column":41},"end":{"line":117,"column":42}},"loc":{"start":{"line":117,"column":52},"end":{"line":130,"column":7}},"line":117}},"branchMap":{"0":{"loc":{"start":{"line":20,"column":21},"end":{"line":20,"column":38}},"type":"binary-expr","locations":[{"start":{"line":20,"column":21},"end":{"line":20,"column":26}},{"start":{"line":20,"column":30},"end":{"line":20,"column":38}}],"line":20},"1":{"loc":{"start":{"line":118,"column":8},"end":{"line":129,"column":9}},"type":"if","locations":[{"start":{"line":118,"column":8},"end":{"line":129,"column":9}},{"start":{"line":118,"column":8},"end":{"line":129,"column":9}}],"line":118},"2":{"loc":{"start":{"line":119,"column":10},"end":{"line":121,"column":51}},"type":"binary-expr","locations":[{"start":{"line":119,"column":10},"end":{"line":119,"column":34}},{"start":{"line":120,"column":13},"end":{"line":120,"column":44}},{"start":{"line":121,"column":13},"end":{"line":121,"column":51}}],"line":119}},"s":{"0":1,"1":1,"2":1,"3":1,"4":1,"5":1,"6":1,"7":1,"8":1,"9":1,"10":1,"11":1,"12":1,"13":2,"14":2,"15":2,"16":2,"17":1,"18":1,"19":1,"20":0,"21":0,"22":0},"f":{"0":1,"1":2,"2":0,"3":0},"b":{"0":[2,2],"1":[0,0],"2":[0,0,0]},"_coverageSchema":"1a1c01bbd47fc00a2c39e90264f33305004495a9","hash":"d332a8a14f68565655756e3b88d4ec16a645fc60"}
,"D:\\webDemo\\webpack\\demo04\\builder-webpack\\test\\unit\\webpack-base-test.js": {"path":"D:\\webDemo\\webpack\\demo04\\builder-webpack\\test\\unit\\webpack-base-test.js","statementMap":{"0":{"start":{"line":1,"column":0},"end":{"line":6,"column":2}},"1":{"start":{"line":2,"column":21},"end":{"line":2,"column":54}},"2":{"start":{"line":4,"column":2},"end":{"line":4,"column":99}},"3":{"start":{"line":5,"column":2},"end":{"line":5,"column":101}}},"fnMap":{"0":{"name":"(anonymous_0)","decl":{"start":{"line":1,"column":34},"end":{"line":1,"column":35}},"loc":{"start":{"line":1,"column":40},"end":{"line":6,"column":1}},"line":1}},"branchMap":{},"s":{"0":1,"1":1,"2":1,"3":1},"f":{"0":1},"b":{},"_coverageSchema":"1a1c01bbd47fc00a2c39e90264f33305004495a9","hash":"c2f50d473374ac6974e4b536a12ec59320ad386f"}
}
