TN:
SF:..\..\..\lib\webpack.base.js
FN:11,(anonymous_0)
FN:18,(anonymous_1)
FN:115,(anonymous_2)
FN:117,(anonymous_3)
FNF:4
FNH:2
FNDA:1,(anonymous_0)
FNDA:2,(anonymous_1)
FNDA:0,(anonymous_2)
FNDA:0,(anonymous_3)
DA:1,1
DA:2,1
DA:3,1
DA:4,1
DA:5,1
DA:6,1
DA:7,1
DA:9,1
DA:11,1
DA:12,1
DA:13,1
DA:16,1
DA:18,1
DA:19,2
DA:20,2
DA:22,2
DA:24,2
DA:42,1
DA:48,1
DA:50,1
DA:117,0
DA:118,0
DA:128,0
LF:23
LH:20
BRDA:20,0,0,2
BRDA:20,0,1,2
BRDA:118,1,0,0
BRDA:118,1,1,0
BRDA:119,2,0,0
BRDA:119,2,1,0
BRDA:119,2,2,0
BRF:7
BRH:2
end_of_record
TN:
SF:..\..\unit\webpack-base-test.js
FN:1,(anonymous_0)
FNF:1
FNH:1
FNDA:1,(anonymous_0)
DA:1,1
DA:2,1
DA:4,1
DA:5,1
LF:4
LH:4
BRF:0
BRH:0
end_of_record
